<?xml version="1.0" encoding="UTF-8"?>
<!-- Generated by org.testng.reporters.JUnitReportReporter -->
<testsuite hostname="vijay-PC" failures="0" tests="3" name="com.TestNg.com.TestNg_DataProvider" time="0.047" errors="0" timestamp="2022-03-19T08:36:25 IST" skipped="0">
  <testcase classname="com.TestNg.com.TestNg_DataProvider" name="methodData1" time="0.005"/>
  <testcase classname="com.TestNg.com.TestNg_DataProvider" name="methodData1" time="0.017"/>
  <testcase classname="com.TestNg.com.TestNg_DataProvider" name="methodData1" time="0.025"/>
</testsuite> <!-- com.TestNg.com.TestNg_DataProvider -->
