<?xml version="1.0" encoding="UTF-8"?>
<!-- Generated by org.testng.reporters.JUnitReportReporter -->
<testsuite hostname="vijay-PC" failures="0" tests="2" name="com.TestNg.com.TestNg_Parameters" time="0.029" errors="0" timestamp="2022-03-19T08:46:31 IST" skipped="0">
  <testcase classname="com.TestNg.com.TestNg_Parameters" name="methodData1" time="0.026"/>
  <testcase classname="com.TestNg.com.TestNg_Parameters" name="methodData2" time="0.003"/>
</testsuite> <!-- com.TestNg.com.TestNg_Parameters -->
