<?xml version="1.0" encoding="UTF-8"?>
<!-- Generated by org.testng.reporters.JUnitReportReporter -->
<testsuite hostname="vijay-PC" failures="0" tests="2" name="com.TestNg.com.TestNG_Timeout" time="2.044" errors="0" timestamp="2022-03-17T20:35:09 IST" skipped="0">
  <testcase classname="com.TestNg.com.TestNG_Timeout" name="aMethod" time="2.038"/>
  <testcase classname="com.TestNg.com.TestNG_Timeout" name="bMethod" time="0.006"/>
</testsuite> <!-- com.TestNg.com.TestNG_Timeout -->
