<?xml version="1.0" encoding="UTF-8"?>
<!-- Generated by org.testng.reporters.JUnitReportReporter -->
<testsuite hostname="vijay-PC" failures="0" tests="2" name="com.TestNg.com.TestNg_CrossBrowser" time="0.043" errors="0" timestamp="2022-03-19T19:50:44 IST" skipped="0">
  <testcase classname="com.TestNg.com.TestNg_CrossBrowser" name="loginTest" time="0.037"/>
  <testcase classname="com.TestNg.com.TestNg_CrossBrowser" name="loginTest" time="0.006"/>
</testsuite> <!-- com.TestNg.com.TestNg_CrossBrowser -->
