<?xml version="1.0" encoding="UTF-8"?>
<!-- Generated by org.testng.reporters.JUnitReportReporter -->
<testsuite hostname="vijay-PC" failures="0" tests="2" name="com.TestNg.com.TestNG_ExpectedException" time="0.028" errors="0" timestamp="2022-03-17T20:33:00 IST" skipped="0">
  <testcase classname="com.TestNg.com.TestNG_ExpectedException" name="bMethod" time="0.005"/>
  <testcase classname="com.TestNg.com.TestNG_ExpectedException" name="aMethod" time="0.023"/>
</testsuite> <!-- com.TestNg.com.TestNG_ExpectedException -->
