<?xml version="1.0" encoding="UTF-8"?>
<!-- Generated by org.testng.reporters.JUnitReportReporter -->
<testsuite hostname="vijay-PC" failures="0" tests="3" name="com.TestNg.com.TestNG_Priority" time="0.031" errors="0" timestamp="2022-03-17T20:34:10 IST" skipped="0">
  <testcase classname="com.TestNg.com.TestNG_Priority" name="cMethod" time="0.024"/>
  <testcase classname="com.TestNg.com.TestNG_Priority" name="aMethod" time="0.003"/>
  <testcase classname="com.TestNg.com.TestNG_Priority" name="bMethod" time="0.004"/>
</testsuite> <!-- com.TestNg.com.TestNG_Priority -->
