<?xml version="1.0" encoding="UTF-8"?>
<!-- Generated by org.testng.reporters.JUnitReportReporter -->
<testsuite hostname="vijay-PC" failures="0" tests="3" name="com.TestNg.com.TestNg_Ignore" time="0.048" errors="0" timestamp="2022-03-18T20:38:53 IST" skipped="2">
  <testcase classname="com.TestNg.com.TestNg_Ignore" name="cMethod" time="0.048"/>
  <testcase classname="com.TestNg.com.TestNg_Ignore" name="bMethod">
    <skipped/>
  </testcase> <!-- bMethod -->
  <testcase classname="com.TestNg.com.TestNg_Ignore" name="aMethod">
    <skipped/>
  </testcase> <!-- aMethod -->
</testsuite> <!-- com.TestNg.com.TestNg_Ignore -->
