<?xml version="1.0" encoding="UTF-8"?>
<!-- Generated by org.testng.reporters.JUnitReportReporter -->
<testsuite hostname="vijay-PC" failures="0" tests="2" name="com.TestNg.com.TestNg_Groups" time="0.046" errors="0" timestamp="2022-03-18T20:55:36 IST" skipped="0">
  <testcase classname="com.TestNg.com.TestNg_Groups" name="cMethod" time="0.005"/>
  <testcase classname="com.TestNg.com.TestNg_Groups" name="bMethod" time="0.041"/>
</testsuite> <!-- com.TestNg.com.TestNg_Groups -->
