<?xml version="1.0" encoding="UTF-8"?>
<!-- Generated by org.testng.reporters.JUnitReportReporter -->
<testsuite hostname="vijay-PC" failures="0" tests="4" name="com.TestNg.com.TestNG_InvocationCount" time="0.036" errors="0" timestamp="2022-03-17T20:36:07 IST" skipped="0">
  <testcase classname="com.TestNg.com.TestNG_InvocationCount" name="bMethod" time="0.004"/>
  <testcase classname="com.TestNg.com.TestNG_InvocationCount" name="aMethod" time="0.025"/>
  <testcase classname="com.TestNg.com.TestNG_InvocationCount" name="bMethod" time="0.004"/>
  <testcase classname="com.TestNg.com.TestNG_InvocationCount" name="bMethod" time="0.003"/>
</testsuite> <!-- com.TestNg.com.TestNG_InvocationCount -->
