<?xml version="1.0" encoding="UTF-8"?>
<!-- Generated by org.testng.reporters.JUnitReportReporter -->
<testsuite hostname="vijay-PC" failures="0" tests="1" name="com.TestNg.com.TestNg_SimpleAnnotations" time="0.052" errors="0" timestamp="2022-03-17T20:30:00 IST" skipped="0">
  <testcase classname="com.TestNg.com.TestNg_SimpleAnnotations" name="searchMobile" time="0.052"/>
</testsuite> <!-- com.TestNg.com.TestNg_SimpleAnnotations -->
